<?xml version="1.0" encoding="UTF-8" ?>
<testsuite tests="1" failures="0" name="com.sel.cargurus.Test5" time="13.704" errors="1" skipped="0">
  <properties>
[...]
</properties>
  <testcase classname="com.sel.cargurus.Test5" name="testNewCar" time="13.704">
    <error message="session not created
from chrome not reachable
  (Session info: chrome=87.0.4280.88)
Build info: version: &apos;3.141.59&apos;, revision: &apos;e82be7d358&apos;, time: &apos;2018-11-14T08:17:03&apos;
System info: host: &apos;DESKTOP-HTL5CDV&apos;, ip: &apos;192.168.86.29&apos;, os.name: &apos;Windows 10&apos;, os.arch: &apos;amd64&apos;, os.version: &apos;10.0&apos;, java.version: &apos;1.8.0_111&apos;
Driver info: driver.version: ChromeDriver
remote stacktrace: Backtrace:
	Ordinal0 [0x007DC013+3194899]
	Ordinal0 [0x006C6021+2056225]
	Ordinal0 [0x0055F4B0+586928]
	Ordinal0 [0x00555894+546964]
	Ordinal0 [0x00555F2C+548652]
	Ordinal0 [0x00557175+553333]
	Ordinal0 [0x0055241E+533534]
	Ordinal0 [0x00560620+591392]
	Ordinal0 [0x00502A0C+207372]
	Ordinal0 [0x00501D0D+204045]
	Ordinal0 [0x004FFC1B+195611]
	Ordinal0 [0x004E3B7F+80767]
	Ordinal0 [0x004E4B4E+84814]
	Ordinal0 [0x004E4AD9+84697]
	Ordinal0 [0x006DCE64+2149988]
	GetHandleVerifier [0x0094BE95+1400773]
	GetHandleVerifier [0x0094BB61+1399953]
	GetHandleVerifier [0x009531FA+1430314]
	GetHandleVerifier [0x0094C69F+1402831]
	Ordinal0 [0x006D3D61+2112865]
	Ordinal0 [0x006DE5CB+2155979]
	Ordinal0 [0x006DE6F5+2156277]
	Ordinal0 [0x006EF26E+2224750]
	BaseThreadInitThunk [0x75ECFA29+25]
	RtlGetAppContainerNamedObjectPath [0x77A675F4+228]
	RtlGetAppContainerNamedObjectPath [0x77A675C4+180]
" type="org.openqa.selenium.SessionNotCreatedException">org.openqa.selenium.SessionNotCreatedException: session not created
from chrome not reachable
  (Session info: chrome=87.0.4280.88)
Build info: version: &apos;3.141.59&apos;, revision: &apos;e82be7d358&apos;, time: &apos;2018-11-14T08:17:03&apos;
System info: host: &apos;DESKTOP-HTL5CDV&apos;, ip: &apos;192.168.86.29&apos;, os.name: &apos;Windows 10&apos;, os.arch: &apos;amd64&apos;, os.version: &apos;10.0&apos;, java.version: &apos;1.8.0_111&apos;
Driver info: driver.version: ChromeDriver
remote stacktrace: Backtrace:
	Ordinal0 [0x007DC013+3194899]
	Ordinal0 [0x006C6021+2056225]
	Ordinal0 [0x0055F4B0+586928]
	Ordinal0 [0x00555894+546964]
	Ordinal0 [0x00555F2C+548652]
	Ordinal0 [0x00557175+553333]
	Ordinal0 [0x0055241E+533534]
	Ordinal0 [0x00560620+591392]
	Ordinal0 [0x00502A0C+207372]
	Ordinal0 [0x00501D0D+204045]
	Ordinal0 [0x004FFC1B+195611]
	Ordinal0 [0x004E3B7F+80767]
	Ordinal0 [0x004E4B4E+84814]
	Ordinal0 [0x004E4AD9+84697]
	Ordinal0 [0x006DCE64+2149988]
	GetHandleVerifier [0x0094BE95+1400773]
	GetHandleVerifier [0x0094BB61+1399953]
	GetHandleVerifier [0x009531FA+1430314]
	GetHandleVerifier [0x0094C69F+1402831]
	Ordinal0 [0x006D3D61+2112865]
	Ordinal0 [0x006DE5CB+2155979]
	Ordinal0 [0x006DE6F5+2156277]
	Ordinal0 [0x006EF26E+2224750]
	BaseThreadInitThunk [0x75ECFA29+25]
	RtlGetAppContainerNamedObjectPath [0x77A675F4+228]
	RtlGetAppContainerNamedObjectPath [0x77A675C4+180]

	at sun.reflect.NativeConstructorAccessorImpl.newInstance0(Native Method)
	at sun.reflect.NativeConstructorAccessorImpl.newInstance(NativeConstructorAccessorImpl.java:62)
	at sun.reflect.DelegatingConstructorAccessorImpl.newInstance(DelegatingConstructorAccessorImpl.java:45)
	at java.lang.reflect.Constructor.newInstance(Constructor.java:423)
	at org.openqa.selenium.remote.W3CHandshakeResponse.lambda$errorHandler$0(W3CHandshakeResponse.java:62)
	at org.openqa.selenium.remote.HandshakeResponse.lambda$getResponseFunction$0(HandshakeResponse.java:30)
	at org.openqa.selenium.remote.ProtocolHandshake.lambda$createSession$0(ProtocolHandshake.java:126)
	at java.util.stream.ReferencePipeline$3$1.accept(ReferencePipeline.java:193)
	at java.util.Spliterators$ArraySpliterator.tryAdvance(Spliterators.java:958)
	at java.util.stream.ReferencePipeline.forEachWithCancel(ReferencePipeline.java:126)
	at java.util.stream.AbstractPipeline.copyIntoWithCancel(AbstractPipeline.java:498)
	at java.util.stream.AbstractPipeline.copyInto(AbstractPipeline.java:485)
	at java.util.stream.AbstractPipeline.wrapAndCopyInto(AbstractPipeline.java:471)
	at java.util.stream.FindOps$FindOp.evaluateSequential(FindOps.java:152)
	at java.util.stream.AbstractPipeline.evaluate(AbstractPipeline.java:234)
	at java.util.stream.ReferencePipeline.findFirst(ReferencePipeline.java:464)
	at org.openqa.selenium.remote.ProtocolHandshake.createSession(ProtocolHandshake.java:128)
	at org.openqa.selenium.remote.ProtocolHandshake.createSession(ProtocolHandshake.java:74)
	at org.openqa.selenium.remote.HttpCommandExecutor.execute(HttpCommandExecutor.java:136)
	at org.openqa.selenium.remote.service.DriverCommandExecutor.execute(DriverCommandExecutor.java:83)
	at org.openqa.selenium.remote.RemoteWebDriver.execute(RemoteWebDriver.java:552)
	at org.openqa.selenium.remote.RemoteWebDriver.startSession(RemoteWebDriver.java:213)
	at org.openqa.selenium.remote.RemoteWebDriver.&lt;init&gt;(RemoteWebDriver.java:131)
	at org.openqa.selenium.chrome.ChromeDriver.&lt;init&gt;(ChromeDriver.java:181)
	at org.openqa.selenium.chrome.ChromeDriver.&lt;init&gt;(ChromeDriver.java:168)
	at org.openqa.selenium.chrome.ChromeDriver.&lt;init&gt;(ChromeDriver.java:123)
	at com.sel.cargurus.Test5.setUp(Test5.java:43)
	at sun.reflect.NativeMethodAccessorImpl.invoke0(Native Method)
	at sun.reflect.NativeMethodAccessorImpl.invoke(NativeMethodAccessorImpl.java:62)
	at sun.reflect.DelegatingMethodAccessorImpl.invoke(DelegatingMethodAccessorImpl.java:43)
	at java.lang.reflect.Method.invoke(Method.java:498)
	at org.junit.runners.model.FrameworkMethod$1.runReflectiveCall(FrameworkMethod.java:50)
	at org.junit.internal.runners.model.ReflectiveCallable.run(ReflectiveCallable.java:12)
	at org.junit.runners.model.FrameworkMethod.invokeExplosively(FrameworkMethod.java:47)
	at org.junit.internal.runners.statements.RunBefores.evaluate(RunBefores.java:24)
	at org.junit.internal.runners.statements.RunAfters.evaluate(RunAfters.java:27)
	at org.junit.runners.ParentRunner.runLeaf(ParentRunner.java:325)
	at org.junit.runners.BlockJUnit4ClassRunner.runChild(BlockJUnit4ClassRunner.java:78)
	at org.junit.runners.BlockJUnit4ClassRunner.runChild(BlockJUnit4ClassRunner.java:57)
	at org.junit.runners.ParentRunner$3.run(ParentRunner.java:290)
	at org.junit.runners.ParentRunner$1.schedule(ParentRunner.java:71)
	at org.junit.runners.ParentRunner.runChildren(ParentRunner.java:288)
	at org.junit.runners.ParentRunner.access$000(ParentRunner.java:58)
	at org.junit.runners.ParentRunner$2.evaluate(ParentRunner.java:268)
	at org.junit.internal.runners.statements.RunBefores.evaluate(RunBefores.java:26)
	at org.junit.internal.runners.statements.RunAfters.evaluate(RunAfters.java:27)
	at org.junit.runners.ParentRunner.run(ParentRunner.java:363)
	at org.apache.maven.surefire.junit4.JUnit4Provider.execute(JUnit4Provider.java:252)
	at org.apache.maven.surefire.junit4.JUnit4Provider.executeTestSet(JUnit4Provider.java:141)
	at org.apache.maven.surefire.junit4.JUnit4Provider.invoke(JUnit4Provider.java:112)
	at sun.reflect.NativeMethodAccessorImpl.invoke0(Native Method)
	at sun.reflect.NativeMethodAccessorImpl.invoke(NativeMethodAccessorImpl.java:62)
	at sun.reflect.DelegatingMethodAccessorImpl.invoke(DelegatingMethodAccessorImpl.java:43)
	at java.lang.reflect.Method.invoke(Method.java:498)
	at org.apache.maven.surefire.util.ReflectionUtils.invokeMethodWithArray(ReflectionUtils.java:189)
	at org.apache.maven.surefire.booter.ProviderFactory$ProviderProxy.invoke(ProviderFactory.java:165)
	at org.apache.maven.surefire.booter.ProviderFactory.invokeProvider(ProviderFactory.java:85)
	at org.apache.maven.surefire.booter.ForkedBooter.runSuitesInProcess(ForkedBooter.java:115)
	at org.apache.maven.surefire.booter.ForkedBooter.main(ForkedBooter.java:75)
</error>
    <system-err>Starting ChromeDriver 86.0.4240.22 (398b0743353ff36fb1b82468f63a3a93b4e2e89e-refs/branch-heads/4240@{#378}) on port 26596
Only local connections are allowed.
Please see https://chromedriver.chromium.org/security-considerations for suggestions on keeping ChromeDriver safe.
ChromeDriver was started successfully.
[1610230679.327][WARNING]: This version of ChromeDriver has not been tested with Chrome version 87.
[1610230683.344][WARNING]: Timed out connecting to Chrome, retrying...
</system-err>
  </testcase>
</testsuite>